<?xml version="1.0" encoding="UTF-8"?>
<!-- Generated by org.testng.reporters.JUnitReportReporter -->
<testsuite hostname="King" name="TestCases.LoginTest" tests="1" failures="0" timestamp="8 May 2017 07:54:19 GMT" time="18.181" errors="0">
  <testcase name="testlogin" time="18.181" classname="TestCases.LoginTest"/>
</testsuite> <!-- TestCases.LoginTest -->
