<?xml version="1.0" encoding="UTF-8"?>
<!-- Generated by org.testng.reporters.JUnitReportReporter -->
<testsuite hostname="King" name="TestCases.LoginTest" tests="1" failures="0" timestamp="8 May 2017 02:48:26 GMT" time="24.512" errors="0">
  <testcase name="testlogin" time="24.512" classname="TestCases.LoginTest"/>
</testsuite> <!-- TestCases.LoginTest -->
